{"E:\\AgnIDental\\app.js": {"path":"E:\\AgnIDental\\app.js","statementMap":{"0":{"start":{"line":1,"column":16},"end":{"line":1,"column":34}},"1":{"start":{"line":2,"column":21},"end":{"line":2,"column":45}},"2":{"start":{"line":3,"column":13},"end":{"line":3,"column":28}},"3":{"start":{"line":4,"column":15},"end":{"line":4,"column":32}},"4":{"start":{"line":5,"column":26},"end":{"line":5,"column":63}},"5":{"start":{"line":6,"column":19},"end":{"line":6,"column":49}},"6":{"start":{"line":7,"column":0},"end":{"line":7,"column":26}},"7":{"start":{"line":9,"column":0},"end":{"line":9,"column":16}},"8":{"start":{"line":11,"column":0},"end":{"line":11,"column":16}},"9":{"start":{"line":12,"column":0},"end":{"line":12,"column":25}},"10":{"start":{"line":14,"column":0},"end":{"line":14,"column":24}},"11":{"start":{"line":15,"column":0},"end":{"line":15,"column":48}},"12":{"start":{"line":16,"column":0},"end":{"line":16,"column":24}},"13":{"start":{"line":18,"column":0},"end":{"line":18,"column":47}},"14":{"start":{"line":19,"column":0},"end":{"line":19,"column":33}},"15":{"start":{"line":21,"column":15},"end":{"line":24,"column":2}},"16":{"start":{"line":22,"column":4},"end":{"line":22,"column":37}},"17":{"start":{"line":22,"column":13},"end":{"line":22,"column":37}},"18":{"start":{"line":23,"column":4},"end":{"line":23,"column":48}},"19":{"start":{"line":26,"column":0},"end":{"line":26,"column":24}}},"fnMap":{"0":{"name":"(anonymous_0)","decl":{"start":{"line":21,"column":64},"end":{"line":21,"column":65}},"loc":{"start":{"line":21,"column":73},"end":{"line":24,"column":1}},"line":21}},"branchMap":{"0":{"loc":{"start":{"line":21,"column":26},"end":{"line":21,"column":62}},"type":"binary-expr","locations":[{"start":{"line":21,"column":26},"end":{"line":21,"column":42}},{"start":{"line":21,"column":44},"end":{"line":21,"column":62}}],"line":21},"1":{"loc":{"start":{"line":22,"column":4},"end":{"line":22,"column":37}},"type":"if","locations":[{"start":{"line":22,"column":4},"end":{"line":22,"column":37}},{"start":{},"end":{}}],"line":22}},"s":{"0":2,"1":2,"2":2,"3":2,"4":2,"5":2,"6":2,"7":2,"8":2,"9":2,"10":2,"11":2,"12":2,"13":2,"14":2,"15":2,"16":2,"17":0,"18":2,"19":2},"f":{"0":2},"b":{"0":[2,2],"1":[0,2]},"_coverageSchema":"1a1c01bbd47fc00a2c39e90264f33305004495a9","hash":"266e3f7370ae7cd474a62ed2b6693024b7477e36"}
,"E:\\AgnIDental\\dbConnection.js": {"path":"E:\\AgnIDental\\dbConnection.js","statementMap":{"0":{"start":{"line":1,"column":11},"end":{"line":1,"column":30}},"1":{"start":{"line":2,"column":15},"end":{"line":2,"column":32}},"2":{"start":{"line":4,"column":0},"end":{"line":6,"column":46}},"3":{"start":{"line":5,"column":16},"end":{"line":5,"column":81}},"4":{"start":{"line":6,"column":20},"end":{"line":6,"column":44}}},"fnMap":{"0":{"name":"(anonymous_0)","decl":{"start":{"line":5,"column":10},"end":{"line":5,"column":11}},"loc":{"start":{"line":5,"column":16},"end":{"line":5,"column":81}},"line":5},"1":{"name":"(anonymous_1)","decl":{"start":{"line":6,"column":11},"end":{"line":6,"column":12}},"loc":{"start":{"line":6,"column":20},"end":{"line":6,"column":44}},"line":6}},"branchMap":{},"s":{"0":2,"1":2,"2":2,"3":2,"4":0},"f":{"0":2,"1":0},"b":{},"_coverageSchema":"1a1c01bbd47fc00a2c39e90264f33305004495a9","hash":"f9ee94954ede2135e98a4e87e87b9e85d7370415"}
,"E:\\AgnIDental\\Controllers\\AppointmentController.js": {"path":"E:\\AgnIDental\\Controllers\\AppointmentController.js","statementMap":{"0":{"start":{"line":1,"column":20},"end":{"line":1,"column":56}},"1":{"start":{"line":2,"column":18},"end":{"line":2,"column":41}},"2":{"start":{"line":4,"column":0},"end":{"line":19,"column":1}},"3":{"start":{"line":5,"column":4},"end":{"line":5,"column":90}},"4":{"start":{"line":5,"column":24},"end":{"line":5,"column":90}},"5":{"start":{"line":6,"column":4},"end":{"line":6,"column":103}},"6":{"start":{"line":6,"column":25},"end":{"line":6,"column":103}},"7":{"start":{"line":7,"column":4},"end":{"line":7,"column":134}},"8":{"start":{"line":7,"column":27},"end":{"line":7,"column":134}},"9":{"start":{"line":8,"column":4},"end":{"line":8,"column":102}},"10":{"start":{"line":8,"column":24},"end":{"line":8,"column":102}},"11":{"start":{"line":9,"column":4},"end":{"line":9,"column":111}},"12":{"start":{"line":9,"column":24},"end":{"line":9,"column":111}},"13":{"start":{"line":10,"column":4},"end":{"line":10,"column":100}},"14":{"start":{"line":10,"column":30},"end":{"line":10,"column":100}},"15":{"start":{"line":12,"column":4},"end":{"line":18,"column":5}},"16":{"start":{"line":13,"column":28},"end":{"line":13,"column":62}},"17":{"start":{"line":14,"column":8},"end":{"line":14,"column":44}},"18":{"start":{"line":17,"column":8},"end":{"line":17,"column":36}},"19":{"start":{"line":21,"column":0},"end":{"line":28,"column":1}},"20":{"start":{"line":22,"column":4},"end":{"line":27,"column":5}},"21":{"start":{"line":23,"column":28},"end":{"line":23,"column":52}},"22":{"start":{"line":24,"column":8},"end":{"line":24,"column":44}},"23":{"start":{"line":26,"column":8},"end":{"line":26,"column":37}},"24":{"start":{"line":30,"column":0},"end":{"line":39,"column":1}},"25":{"start":{"line":31,"column":4},"end":{"line":37,"column":5}},"26":{"start":{"line":32,"column":28},"end":{"line":32,"column":119}},"27":{"start":{"line":33,"column":8},"end":{"line":33,"column":30}},"28":{"start":{"line":34,"column":8},"end":{"line":34,"column":44}},"29":{"start":{"line":36,"column":8},"end":{"line":36,"column":38}},"30":{"start":{"line":41,"column":0},"end":{"line":55,"column":1}},"31":{"start":{"line":42,"column":4},"end":{"line":54,"column":5}},"32":{"start":{"line":43,"column":28},"end":{"line":43,"column":30}},"33":{"start":{"line":44,"column":8},"end":{"line":50,"column":11}},"34":{"start":{"line":45,"column":12},"end":{"line":49,"column":14}},"35":{"start":{"line":46,"column":16},"end":{"line":48,"column":17}},"36":{"start":{"line":47,"column":20},"end":{"line":47,"column":43}},"37":{"start":{"line":51,"column":8},"end":{"line":51,"column":44}},"38":{"start":{"line":53,"column":8},"end":{"line":53,"column":37}},"39":{"start":{"line":57,"column":0},"end":{"line":64,"column":1}},"40":{"start":{"line":58,"column":4},"end":{"line":63,"column":5}},"41":{"start":{"line":59,"column":28},"end":{"line":59,"column":78}},"42":{"start":{"line":60,"column":8},"end":{"line":60,"column":44}},"43":{"start":{"line":62,"column":8},"end":{"line":62,"column":37}}},"fnMap":{"0":{"name":"(anonymous_0)","decl":{"start":{"line":4,"column":28},"end":{"line":4,"column":29}},"loc":{"start":{"line":4,"column":48},"end":{"line":19,"column":1}},"line":4},"1":{"name":"(anonymous_1)","decl":{"start":{"line":21,"column":28},"end":{"line":21,"column":29}},"loc":{"start":{"line":21,"column":48},"end":{"line":28,"column":1}},"line":21},"2":{"name":"(anonymous_2)","decl":{"start":{"line":30,"column":38},"end":{"line":30,"column":39}},"loc":{"start":{"line":30,"column":57},"end":{"line":39,"column":1}},"line":30},"3":{"name":"(anonymous_3)","decl":{"start":{"line":41,"column":28},"end":{"line":41,"column":29}},"loc":{"start":{"line":41,"column":47},"end":{"line":55,"column":1}},"line":41},"4":{"name":"(anonymous_4)","decl":{"start":{"line":44,"column":38},"end":{"line":44,"column":39}},"loc":{"start":{"line":44,"column":49},"end":{"line":50,"column":9}},"line":44},"5":{"name":"(anonymous_5)","decl":{"start":{"line":45,"column":26},"end":{"line":45,"column":27}},"loc":{"start":{"line":45,"column":34},"end":{"line":49,"column":13}},"line":45},"6":{"name":"(anonymous_6)","decl":{"start":{"line":57,"column":28},"end":{"line":57,"column":29}},"loc":{"start":{"line":57,"column":47},"end":{"line":64,"column":1}},"line":57}},"branchMap":{"0":{"loc":{"start":{"line":5,"column":4},"end":{"line":5,"column":90}},"type":"if","locations":[{"start":{"line":5,"column":4},"end":{"line":5,"column":90}},{"start":{},"end":{}}],"line":5},"1":{"loc":{"start":{"line":6,"column":4},"end":{"line":6,"column":103}},"type":"if","locations":[{"start":{"line":6,"column":4},"end":{"line":6,"column":103}},{"start":{},"end":{}}],"line":6},"2":{"loc":{"start":{"line":7,"column":4},"end":{"line":7,"column":134}},"type":"if","locations":[{"start":{"line":7,"column":4},"end":{"line":7,"column":134}},{"start":{},"end":{}}],"line":7},"3":{"loc":{"start":{"line":8,"column":4},"end":{"line":8,"column":102}},"type":"if","locations":[{"start":{"line":8,"column":4},"end":{"line":8,"column":102}},{"start":{},"end":{}}],"line":8},"4":{"loc":{"start":{"line":9,"column":4},"end":{"line":9,"column":111}},"type":"if","locations":[{"start":{"line":9,"column":4},"end":{"line":9,"column":111}},{"start":{},"end":{}}],"line":9},"5":{"loc":{"start":{"line":10,"column":4},"end":{"line":10,"column":100}},"type":"if","locations":[{"start":{"line":10,"column":4},"end":{"line":10,"column":100}},{"start":{},"end":{}}],"line":10},"6":{"loc":{"start":{"line":46,"column":16},"end":{"line":48,"column":17}},"type":"if","locations":[{"start":{"line":46,"column":16},"end":{"line":48,"column":17}},{"start":{},"end":{}}],"line":46},"7":{"loc":{"start":{"line":46,"column":20},"end":{"line":46,"column":87}},"type":"binary-expr","locations":[{"start":{"line":46,"column":20},"end":{"line":46,"column":48}},{"start":{"line":46,"column":53},"end":{"line":46,"column":87}}],"line":46}},"s":{"0":2,"1":2,"2":2,"3":7,"4":1,"5":6,"6":1,"7":5,"8":1,"9":4,"10":1,"11":3,"12":1,"13":2,"14":1,"15":1,"16":1,"17":1,"18":0,"19":2,"20":1,"21":1,"22":1,"23":0,"24":2,"25":1,"26":1,"27":1,"28":1,"29":0,"30":2,"31":1,"32":1,"33":1,"34":1,"35":1,"36":1,"37":1,"38":0,"39":2,"40":1,"41":1,"42":1,"43":0},"f":{"0":7,"1":1,"2":1,"3":1,"4":1,"5":1,"6":1},"b":{"0":[1,6],"1":[1,5],"2":[1,4],"3":[1,3],"4":[1,2],"5":[1,1],"6":[1,0],"7":[1,1]},"_coverageSchema":"1a1c01bbd47fc00a2c39e90264f33305004495a9","hash":"fd7b654421ecc8c3483b73acfa299da7a8775ad8"}
,"E:\\AgnIDental\\Controllers\\AuthControllers.js": {"path":"E:\\AgnIDental\\Controllers\\AuthControllers.js","statementMap":{"0":{"start":{"line":1,"column":13},"end":{"line":1,"column":42}},"1":{"start":{"line":2,"column":12},"end":{"line":2,"column":35}},"2":{"start":{"line":3,"column":20},"end":{"line":3,"column":35}},"3":{"start":{"line":4,"column":15},"end":{"line":4,"column":32}},"4":{"start":{"line":5,"column":15},"end":{"line":5,"column":32}},"5":{"start":{"line":7,"column":0},"end":{"line":30,"column":1}},"6":{"start":{"line":8,"column":4},"end":{"line":8,"column":85}},"7":{"start":{"line":8,"column":24},"end":{"line":8,"column":85}},"8":{"start":{"line":9,"column":4},"end":{"line":9,"column":97}},"9":{"start":{"line":9,"column":28},"end":{"line":9,"column":97}},"10":{"start":{"line":10,"column":4},"end":{"line":29,"column":5}},"11":{"start":{"line":11,"column":21},"end":{"line":11,"column":63}},"12":{"start":{"line":12,"column":8},"end":{"line":12,"column":96}},"13":{"start":{"line":12,"column":18},"end":{"line":12,"column":96}},"14":{"start":{"line":13,"column":24},"end":{"line":13,"column":51}},"15":{"start":{"line":14,"column":8},"end":{"line":26,"column":9}},"16":{"start":{"line":15,"column":26},"end":{"line":17,"column":83}},"17":{"start":{"line":18,"column":12},"end":{"line":24,"column":15}},"18":{"start":{"line":25,"column":12},"end":{"line":25,"column":43}},"19":{"start":{"line":28,"column":8},"end":{"line":28,"column":38}},"20":{"start":{"line":32,"column":0},"end":{"line":57,"column":1}},"21":{"start":{"line":33,"column":4},"end":{"line":33,"column":92}},"22":{"start":{"line":33,"column":24},"end":{"line":33,"column":92}},"23":{"start":{"line":34,"column":4},"end":{"line":34,"column":100}},"24":{"start":{"line":34,"column":28},"end":{"line":34,"column":100}},"25":{"start":{"line":35,"column":4},"end":{"line":56,"column":5}},"26":{"start":{"line":36,"column":21},"end":{"line":36,"column":63}},"27":{"start":{"line":37,"column":8},"end":{"line":37,"column":86}},"28":{"start":{"line":37,"column":19},"end":{"line":37,"column":86}},"29":{"start":{"line":38,"column":22},"end":{"line":38,"column":76}},"30":{"start":{"line":39,"column":8},"end":{"line":53,"column":9}},"31":{"start":{"line":40,"column":12},"end":{"line":40,"column":78}},"32":{"start":{"line":42,"column":26},"end":{"line":44,"column":83}},"33":{"start":{"line":45,"column":12},"end":{"line":51,"column":15}},"34":{"start":{"line":52,"column":12},"end":{"line":52,"column":41}},"35":{"start":{"line":55,"column":8},"end":{"line":55,"column":38}},"36":{"start":{"line":59,"column":0},"end":{"line":65,"column":1}},"37":{"start":{"line":60,"column":4},"end":{"line":63,"column":7}},"38":{"start":{"line":64,"column":4},"end":{"line":64,"column":76}},"39":{"start":{"line":67,"column":0},"end":{"line":88,"column":1}},"40":{"start":{"line":68,"column":4},"end":{"line":86,"column":5}},"41":{"start":{"line":69,"column":8},"end":{"line":85,"column":9}},"42":{"start":{"line":70,"column":28},"end":{"line":73,"column":13}},"43":{"start":{"line":74,"column":25},"end":{"line":74,"column":63}},"44":{"start":{"line":76,"column":12},"end":{"line":79,"column":13}},"45":{"start":{"line":77,"column":16},"end":{"line":77,"column":66}},"46":{"start":{"line":78,"column":16},"end":{"line":78,"column":30}},"47":{"start":{"line":81,"column":12},"end":{"line":81,"column":35}},"48":{"start":{"line":82,"column":12},"end":{"line":82,"column":26}},"49":{"start":{"line":84,"column":12},"end":{"line":84,"column":41}},"50":{"start":{"line":87,"column":4},"end":{"line":87,"column":68}}},"fnMap":{"0":{"name":"(anonymous_0)","decl":{"start":{"line":7,"column":17},"end":{"line":7,"column":18}},"loc":{"start":{"line":7,"column":36},"end":{"line":30,"column":1}},"line":7},"1":{"name":"(anonymous_1)","decl":{"start":{"line":32,"column":16},"end":{"line":32,"column":17}},"loc":{"start":{"line":32,"column":35},"end":{"line":57,"column":1}},"line":32},"2":{"name":"(anonymous_2)","decl":{"start":{"line":59,"column":17},"end":{"line":59,"column":18}},"loc":{"start":{"line":59,"column":30},"end":{"line":65,"column":1}},"line":59},"3":{"name":"(anonymous_3)","decl":{"start":{"line":67,"column":21},"end":{"line":67,"column":22}},"loc":{"start":{"line":67,"column":46},"end":{"line":88,"column":1}},"line":67}},"branchMap":{"0":{"loc":{"start":{"line":8,"column":4},"end":{"line":8,"column":85}},"type":"if","locations":[{"start":{"line":8,"column":4},"end":{"line":8,"column":85}},{"start":{},"end":{}}],"line":8},"1":{"loc":{"start":{"line":9,"column":4},"end":{"line":9,"column":97}},"type":"if","locations":[{"start":{"line":9,"column":4},"end":{"line":9,"column":97}},{"start":{},"end":{}}],"line":9},"2":{"loc":{"start":{"line":12,"column":8},"end":{"line":12,"column":96}},"type":"if","locations":[{"start":{"line":12,"column":8},"end":{"line":12,"column":96}},{"start":{},"end":{}}],"line":12},"3":{"loc":{"start":{"line":14,"column":8},"end":{"line":26,"column":9}},"type":"if","locations":[{"start":{"line":14,"column":8},"end":{"line":26,"column":9}},{"start":{},"end":{}}],"line":14},"4":{"loc":{"start":{"line":23,"column":24},"end":{"line":23,"column":82}},"type":"binary-expr","locations":[{"start":{"line":23,"column":24},"end":{"line":23,"column":34}},{"start":{"line":23,"column":38},"end":{"line":23,"column":82}}],"line":23},"5":{"loc":{"start":{"line":33,"column":4},"end":{"line":33,"column":92}},"type":"if","locations":[{"start":{"line":33,"column":4},"end":{"line":33,"column":92}},{"start":{},"end":{}}],"line":33},"6":{"loc":{"start":{"line":34,"column":4},"end":{"line":34,"column":100}},"type":"if","locations":[{"start":{"line":34,"column":4},"end":{"line":34,"column":100}},{"start":{},"end":{}}],"line":34},"7":{"loc":{"start":{"line":37,"column":8},"end":{"line":37,"column":86}},"type":"if","locations":[{"start":{"line":37,"column":8},"end":{"line":37,"column":86}},{"start":{},"end":{}}],"line":37},"8":{"loc":{"start":{"line":39,"column":8},"end":{"line":53,"column":9}},"type":"if","locations":[{"start":{"line":39,"column":8},"end":{"line":53,"column":9}},{"start":{"line":41,"column":13},"end":{"line":53,"column":9}}],"line":39},"9":{"loc":{"start":{"line":50,"column":24},"end":{"line":50,"column":82}},"type":"binary-expr","locations":[{"start":{"line":50,"column":24},"end":{"line":50,"column":34}},{"start":{"line":50,"column":38},"end":{"line":50,"column":82}}],"line":50},"10":{"loc":{"start":{"line":68,"column":4},"end":{"line":86,"column":5}},"type":"if","locations":[{"start":{"line":68,"column":4},"end":{"line":86,"column":5}},{"start":{},"end":{}}],"line":68},"11":{"loc":{"start":{"line":76,"column":12},"end":{"line":79,"column":13}},"type":"if","locations":[{"start":{"line":76,"column":12},"end":{"line":79,"column":13}},{"start":{},"end":{}}],"line":76}},"s":{"0":2,"1":2,"2":2,"3":2,"4":2,"5":2,"6":4,"7":1,"8":3,"9":1,"10":2,"11":2,"12":2,"13":1,"14":1,"15":1,"16":1,"17":1,"18":1,"19":0,"20":2,"21":5,"22":1,"23":4,"24":1,"25":3,"26":3,"27":3,"28":1,"29":2,"30":2,"31":1,"32":1,"33":1,"34":1,"35":0,"36":2,"37":1,"38":1,"39":2,"40":12,"41":11,"42":11,"43":11,"44":11,"45":0,"46":0,"47":11,"48":11,"49":0,"50":1},"f":{"0":4,"1":5,"2":1,"3":12},"b":{"0":[1,3],"1":[1,2],"2":[1,1],"3":[1,0],"4":[1,1],"5":[1,4],"6":[1,3],"7":[1,2],"8":[1,1],"9":[1,1],"10":[11,1],"11":[0,11]},"_coverageSchema":"1a1c01bbd47fc00a2c39e90264f33305004495a9","hash":"6c8dbcc2be5aee143c5508f9261f844fe80caa25"}
,"E:\\AgnIDental\\Model\\AppointmentModel.js": {"path":"E:\\AgnIDental\\Model\\AppointmentModel.js","statementMap":{"0":{"start":{"line":1,"column":17},"end":{"line":1,"column":36}},"1":{"start":{"line":3,"column":26},"end":{"line":36,"column":2}},"2":{"start":{"line":38,"column":20},"end":{"line":38,"column":68}},"3":{"start":{"line":40,"column":0},"end":{"line":40,"column":29}}},"fnMap":{},"branchMap":{},"s":{"0":2,"1":2,"2":2,"3":2},"f":{},"b":{},"_coverageSchema":"1a1c01bbd47fc00a2c39e90264f33305004495a9","hash":"60686e110581ba9c4b47af39f6055d413bd068e6"}
,"E:\\AgnIDental\\Model\\UserModel.js": {"path":"E:\\AgnIDental\\Model\\UserModel.js","statementMap":{"0":{"start":{"line":1,"column":17},"end":{"line":1,"column":36}},"1":{"start":{"line":2,"column":15},"end":{"line":2,"column":32}},"2":{"start":{"line":4,"column":19},"end":{"line":18,"column":2}},"3":{"start":{"line":20,"column":0},"end":{"line":22,"column":2}},"4":{"start":{"line":21,"column":4},"end":{"line":21,"column":56}},"5":{"start":{"line":24,"column":13},"end":{"line":24,"column":47}},"6":{"start":{"line":26,"column":0},"end":{"line":26,"column":22}}},"fnMap":{"0":{"name":"(anonymous_0)","decl":{"start":{"line":20,"column":23},"end":{"line":20,"column":24}},"loc":{"start":{"line":20,"column":44},"end":{"line":22,"column":1}},"line":20}},"branchMap":{},"s":{"0":2,"1":2,"2":2,"3":2,"4":1,"5":2,"6":2},"f":{"0":1},"b":{},"_coverageSchema":"1a1c01bbd47fc00a2c39e90264f33305004495a9","hash":"2a01ef76cae1ff67350278223f6adef47a48ea06"}
,"E:\\AgnIDental\\Router\\AppointmentRouter.js": {"path":"E:\\AgnIDental\\Router\\AppointmentRouter.js","statementMap":{"0":{"start":{"line":1,"column":16},"end":{"line":1,"column":34}},"1":{"start":{"line":2,"column":30},"end":{"line":2,"column":77}},"2":{"start":{"line":3,"column":23},"end":{"line":3,"column":64}},"3":{"start":{"line":4,"column":20},"end":{"line":4,"column":56}},"4":{"start":{"line":5,"column":0},"end":{"line":5,"column":25}},"5":{"start":{"line":7,"column":0},"end":{"line":7,"column":37}},"6":{"start":{"line":8,"column":0},"end":{"line":8,"column":57}},"7":{"start":{"line":9,"column":0},"end":{"line":9,"column":56}},"8":{"start":{"line":10,"column":0},"end":{"line":10,"column":88}},"9":{"start":{"line":11,"column":0},"end":{"line":11,"column":68}},"10":{"start":{"line":12,"column":0},"end":{"line":12,"column":68}},"11":{"start":{"line":14,"column":0},"end":{"line":14,"column":23}}},"fnMap":{},"branchMap":{},"s":{"0":2,"1":2,"2":2,"3":2,"4":2,"5":2,"6":2,"7":2,"8":2,"9":2,"10":2,"11":2},"f":{},"b":{},"_coverageSchema":"1a1c01bbd47fc00a2c39e90264f33305004495a9","hash":"dccccdb39247f824178b6f3c45053b3428f18231"}
,"E:\\AgnIDental\\Router\\UserRouter.js": {"path":"E:\\AgnIDental\\Router\\UserRouter.js","statementMap":{"0":{"start":{"line":1,"column":16},"end":{"line":1,"column":34}},"1":{"start":{"line":2,"column":23},"end":{"line":2,"column":64}},"2":{"start":{"line":4,"column":14},"end":{"line":4,"column":30}},"3":{"start":{"line":6,"column":0},"end":{"line":6,"column":39}},"4":{"start":{"line":7,"column":0},"end":{"line":7,"column":43}},"5":{"start":{"line":8,"column":0},"end":{"line":8,"column":44}},"6":{"start":{"line":10,"column":0},"end":{"line":10,"column":23}}},"fnMap":{},"branchMap":{},"s":{"0":2,"1":2,"2":2,"3":2,"4":2,"5":2,"6":2},"f":{},"b":{},"_coverageSchema":"1a1c01bbd47fc00a2c39e90264f33305004495a9","hash":"a253a8f595a26e1e1d974456b18e81bd6c2baa64"}
,"E:\\AgnIDental\\util\\mail.js": {"path":"E:\\AgnIDental\\util\\mail.js","statementMap":{"0":{"start":{"line":1,"column":19},"end":{"line":1,"column":40}},"1":{"start":{"line":3,"column":18},"end":{"line":30,"column":1}},"2":{"start":{"line":5,"column":24},"end":{"line":14,"column":6}},"3":{"start":{"line":16,"column":24},"end":{"line":21,"column":5}},"4":{"start":{"line":23,"column":4},"end":{"line":29,"column":6}},"5":{"start":{"line":24,"column":8},"end":{"line":28,"column":9}},"6":{"start":{"line":25,"column":12},"end":{"line":25,"column":42}},"7":{"start":{"line":27,"column":12},"end":{"line":27,"column":53}},"8":{"start":{"line":32,"column":0},"end":{"line":32,"column":27}}},"fnMap":{"0":{"name":"(anonymous_0)","decl":{"start":{"line":3,"column":18},"end":{"line":3,"column":19}},"loc":{"start":{"line":3,"column":31},"end":{"line":30,"column":1}},"line":3},"1":{"name":"(anonymous_1)","decl":{"start":{"line":23,"column":38},"end":{"line":23,"column":39}},"loc":{"start":{"line":23,"column":60},"end":{"line":29,"column":5}},"line":23}},"branchMap":{"0":{"loc":{"start":{"line":24,"column":8},"end":{"line":28,"column":9}},"type":"if","locations":[{"start":{"line":24,"column":8},"end":{"line":28,"column":9}},{"start":{"line":26,"column":13},"end":{"line":28,"column":9}}],"line":24}},"s":{"0":2,"1":2,"2":1,"3":1,"4":1,"5":0,"6":0,"7":0,"8":2},"f":{"0":1,"1":0},"b":{"0":[0,0]},"_coverageSchema":"1a1c01bbd47fc00a2c39e90264f33305004495a9","hash":"d7dbee7d765fb3cf4f07c9e3565b172daeccc3ff"}
}
