TN:
SF:app.js
FN:21,(anonymous_0)
FNF:1
FNH:1
FNDA:2,(anonymous_0)
DA:1,2
DA:2,2
DA:3,2
DA:4,2
DA:5,2
DA:6,2
DA:7,2
DA:9,2
DA:11,2
DA:12,2
DA:14,2
DA:15,2
DA:16,2
DA:18,2
DA:19,2
DA:21,2
DA:22,2
DA:23,2
DA:26,2
LF:19
LH:19
BRDA:21,0,0,2
BRDA:21,0,1,2
BRDA:22,1,0,0
BRDA:22,1,1,2
BRF:4
BRH:3
end_of_record
TN:
SF:dbConnection.js
FN:5,(anonymous_0)
FN:6,(anonymous_1)
FNF:2
FNH:1
FNDA:2,(anonymous_0)
FNDA:0,(anonymous_1)
DA:1,2
DA:2,2
DA:4,2
DA:5,2
DA:6,0
LF:5
LH:4
BRF:0
BRH:0
end_of_record
TN:
SF:Controllers\AppointmentController.js
FN:4,(anonymous_0)
FN:21,(anonymous_1)
FN:30,(anonymous_2)
FN:41,(anonymous_3)
FN:44,(anonymous_4)
FN:45,(anonymous_5)
FN:57,(anonymous_6)
FNF:7
FNH:7
FNDA:7,(anonymous_0)
FNDA:1,(anonymous_1)
FNDA:1,(anonymous_2)
FNDA:1,(anonymous_3)
FNDA:1,(anonymous_4)
FNDA:1,(anonymous_5)
FNDA:1,(anonymous_6)
DA:1,2
DA:2,2
DA:4,2
DA:5,7
DA:6,6
DA:7,5
DA:8,4
DA:9,3
DA:10,2
DA:12,1
DA:13,1
DA:14,1
DA:17,0
DA:21,2
DA:22,1
DA:23,1
DA:24,1
DA:26,0
DA:30,2
DA:31,1
DA:32,1
DA:33,1
DA:34,1
DA:36,0
DA:41,2
DA:42,1
DA:43,1
DA:44,1
DA:45,1
DA:46,1
DA:47,1
DA:51,1
DA:53,0
DA:57,2
DA:58,1
DA:59,1
DA:60,1
DA:62,0
LF:38
LH:33
BRDA:5,0,0,1
BRDA:5,0,1,6
BRDA:6,1,0,1
BRDA:6,1,1,5
BRDA:7,2,0,1
BRDA:7,2,1,4
BRDA:8,3,0,1
BRDA:8,3,1,3
BRDA:9,4,0,1
BRDA:9,4,1,2
BRDA:10,5,0,1
BRDA:10,5,1,1
BRDA:46,6,0,1
BRDA:46,6,1,0
BRDA:46,7,0,1
BRDA:46,7,1,1
BRF:16
BRH:15
end_of_record
TN:
SF:Controllers\AuthControllers.js
FN:7,(anonymous_0)
FN:32,(anonymous_1)
FN:59,(anonymous_2)
FN:67,(anonymous_3)
FNF:4
FNH:4
FNDA:4,(anonymous_0)
FNDA:5,(anonymous_1)
FNDA:1,(anonymous_2)
FNDA:12,(anonymous_3)
DA:1,2
DA:2,2
DA:3,2
DA:4,2
DA:5,2
DA:7,2
DA:8,4
DA:9,3
DA:10,2
DA:11,2
DA:12,2
DA:13,1
DA:14,1
DA:15,1
DA:18,1
DA:25,1
DA:28,0
DA:32,2
DA:33,5
DA:34,4
DA:35,3
DA:36,3
DA:37,3
DA:38,2
DA:39,2
DA:40,1
DA:42,1
DA:45,1
DA:52,1
DA:55,0
DA:59,2
DA:60,1
DA:64,1
DA:67,2
DA:68,12
DA:69,11
DA:70,11
DA:74,11
DA:76,11
DA:77,0
DA:78,0
DA:81,11
DA:82,11
DA:84,0
DA:87,1
LF:45
LH:40
BRDA:8,0,0,1
BRDA:8,0,1,3
BRDA:9,1,0,1
BRDA:9,1,1,2
BRDA:12,2,0,1
BRDA:12,2,1,1
BRDA:14,3,0,1
BRDA:14,3,1,0
BRDA:23,4,0,1
BRDA:23,4,1,1
BRDA:33,5,0,1
BRDA:33,5,1,4
BRDA:34,6,0,1
BRDA:34,6,1,3
BRDA:37,7,0,1
BRDA:37,7,1,2
BRDA:39,8,0,1
BRDA:39,8,1,1
BRDA:50,9,0,1
BRDA:50,9,1,1
BRDA:68,10,0,11
BRDA:68,10,1,1
BRDA:76,11,0,0
BRDA:76,11,1,11
BRF:24
BRH:22
end_of_record
TN:
SF:Model\AppointmentModel.js
FNF:0
FNH:0
DA:1,2
DA:3,2
DA:38,2
DA:40,2
LF:4
LH:4
BRF:0
BRH:0
end_of_record
TN:
SF:Model\UserModel.js
FN:20,(anonymous_0)
FNF:1
FNH:1
FNDA:1,(anonymous_0)
DA:1,2
DA:2,2
DA:4,2
DA:20,2
DA:21,1
DA:24,2
DA:26,2
LF:7
LH:7
BRF:0
BRH:0
end_of_record
TN:
SF:Router\AppointmentRouter.js
FNF:0
FNH:0
DA:1,2
DA:2,2
DA:3,2
DA:4,2
DA:5,2
DA:7,2
DA:8,2
DA:9,2
DA:10,2
DA:11,2
DA:12,2
DA:14,2
LF:12
LH:12
BRF:0
BRH:0
end_of_record
TN:
SF:Router\UserRouter.js
FNF:0
FNH:0
DA:1,2
DA:2,2
DA:4,2
DA:6,2
DA:7,2
DA:8,2
DA:10,2
LF:7
LH:7
BRF:0
BRH:0
end_of_record
TN:
SF:util\mail.js
FN:3,(anonymous_0)
FN:23,(anonymous_1)
FNF:2
FNH:1
FNDA:1,(anonymous_0)
FNDA:0,(anonymous_1)
DA:1,2
DA:3,2
DA:5,1
DA:16,1
DA:23,1
DA:24,0
DA:25,0
DA:27,0
DA:32,2
LF:9
LH:6
BRDA:24,0,0,0
BRDA:24,0,1,0
BRF:2
BRH:0
end_of_record
